<?xml version="1.0" encoding="UTF-8"?>
<testng-results skipped="0" failed="1" ignored="2" retried="1" total="5" passed="1">
  <reporter-output>
  </reporter-output>
  <suite name="Suite" duration-ms="302953" started-at="2022-10-18T14:49:15 SGT" finished-at="2022-10-18T14:54:18 SGT">
    <groups>
    </groups>
    <test name="Test" duration-ms="302953" started-at="2022-10-18T14:49:15 SGT" finished-at="2022-10-18T14:54:18 SGT">
      <class name="testCases.TestCase_Scenario_0001">
        <test-method status="PASS" signature="start_docker_grid()[pri:0, instance:testCases.TestCase_Scenario_0001@6895a785]" name="start_docker_grid" is-config="true" duration-ms="20031" started-at="2022-10-18T14:49:15 SGT" finished-at="2022-10-18T14:49:35 SGT">
          <reporter-output>
          </reporter-output>
        </test-method> <!-- start_docker_grid -->
        <test-method status="PASS" signature="launch_application()[pri:0, instance:testCases.TestCase_Scenario_0001@6895a785]" name="launch_application" is-config="true" duration-ms="163182" started-at="2022-10-18T14:49:35 SGT" finished-at="2022-10-18T14:52:18 SGT">
          <reporter-output>
          </reporter-output>
        </test-method> <!-- launch_application -->
        <test-method status="PASS" signature="test_CIMBDeals_scn0001()[pri:0, instance:testCases.TestCase_Scenario_0001@6895a785]" name="test_CIMBDeals_scn0001" duration-ms="62482" started-at="2022-10-18T14:52:18 SGT" finished-at="2022-10-18T14:53:21 SGT">
          <reporter-output>
          </reporter-output>
        </test-method> <!-- test_CIMBDeals_scn0001 -->
        <test-method status="PASS" signature="tear_down()[pri:0, instance:testCases.TestCase_Scenario_0001@6895a785]" name="tear_down" is-config="true" duration-ms="1032" started-at="2022-10-18T14:53:21 SGT" finished-at="2022-10-18T14:53:22 SGT">
          <reporter-output>
          </reporter-output>
        </test-method> <!-- tear_down -->
        <test-method status="PASS" signature="stop_docker_grid()[pri:0, instance:testCases.TestCase_Scenario_0001@6895a785]" name="stop_docker_grid" is-config="true" duration-ms="8070" started-at="2022-10-18T14:54:10 SGT" finished-at="2022-10-18T14:54:18 SGT">
          <reporter-output>
          </reporter-output>
        </test-method> <!-- stop_docker_grid -->
      </class> <!-- testCases.TestCase_Scenario_0001 -->
      <class name="testCases.TestCase_Scenario_0001_02">
        <test-method status="PASS" signature="launch_application()[pri:0, instance:testCases.TestCase_Scenario_0001_02@184f6be2]" name="launch_application" is-config="true" duration-ms="162495" started-at="2022-10-18T14:49:35 SGT" finished-at="2022-10-18T14:52:18 SGT">
          <reporter-output>
          </reporter-output>
        </test-method> <!-- launch_application -->
        <test-method status="SKIP" signature="test_CIMBDeals_scn0001_02()[pri:0, instance:testCases.TestCase_Scenario_0001_02@184f6be2]" name="test_CIMBDeals_scn0001_02" duration-ms="63367" retried="true" started-at="2022-10-18T14:52:18 SGT" finished-at="2022-10-18T14:53:21 SGT">
          <exception class="java.lang.AssertionError">
            <message>
              <![CDATA[test_CIMBDeals_scn0001_02 : Intentionally failed assertion to check snapshot captured in report expected [false] but found [true]]]>
            </message>
            <full-stacktrace>
              <![CDATA[java.lang.AssertionError: test_CIMBDeals_scn0001_02 : Intentionally failed assertion to check snapshot captured in report expected [false] but found [true]
at org.testng.Assert.fail(Assert.java:97)
at org.testng.Assert.assertEqualsImpl(Assert.java:136)
at org.testng.Assert.assertEquals(Assert.java:118)
at org.testng.Assert.assertEquals(Assert.java:751)
at testCases.TestCase_Scenario_0001_02.test_CIMBDeals_scn0001_02(TestCase_Scenario_0001_02.java:33)
at sun.reflect.NativeMethodAccessorImpl.invoke0(Native Method)
at sun.reflect.NativeMethodAccessorImpl.invoke(NativeMethodAccessorImpl.java:62)
at sun.reflect.DelegatingMethodAccessorImpl.invoke(DelegatingMethodAccessorImpl.java:43)
at java.lang.reflect.Method.invoke(Method.java:498)
at org.testng.internal.MethodInvocationHelper.invokeMethod(MethodInvocationHelper.java:134)
at org.testng.internal.TestInvoker.invokeMethod(TestInvoker.java:597)
at org.testng.internal.TestInvoker.invokeTestMethod(TestInvoker.java:173)
at org.testng.internal.MethodRunner.runInSequence(MethodRunner.java:46)
at org.testng.internal.TestInvoker$MethodInvocationAgent.invoke(TestInvoker.java:816)
at org.testng.internal.TestInvoker.invokeTestMethods(TestInvoker.java:146)
at org.testng.internal.TestMethodWorker.invokeTestMethods(TestMethodWorker.java:146)
at org.testng.internal.TestMethodWorker.run(TestMethodWorker.java:128)
at java.util.concurrent.ThreadPoolExecutor.runWorker(ThreadPoolExecutor.java:1149)
at java.util.concurrent.ThreadPoolExecutor$Worker.run(ThreadPoolExecutor.java:624)
at java.lang.Thread.run(Thread.java:748)
]]>
            </full-stacktrace>
          </exception> <!-- java.lang.AssertionError -->
          <reporter-output>
          </reporter-output>
        </test-method> <!-- test_CIMBDeals_scn0001_02 -->
        <test-method status="PASS" signature="tear_down()[pri:0, instance:testCases.TestCase_Scenario_0001_02@184f6be2]" name="tear_down" is-config="true" duration-ms="841" started-at="2022-10-18T14:53:21 SGT" finished-at="2022-10-18T14:53:22 SGT">
          <reporter-output>
          </reporter-output>
        </test-method> <!-- tear_down -->
        <test-method status="PASS" signature="launch_application()[pri:0, instance:testCases.TestCase_Scenario_0001_02@184f6be2]" name="launch_application" is-config="true" duration-ms="12631" started-at="2022-10-18T14:53:22 SGT" finished-at="2022-10-18T14:53:35 SGT">
          <reporter-output>
          </reporter-output>
        </test-method> <!-- launch_application -->
        <test-method status="FAIL" signature="test_CIMBDeals_scn0001_02()[pri:0, instance:testCases.TestCase_Scenario_0001_02@184f6be2]" name="test_CIMBDeals_scn0001_02" duration-ms="26918" started-at="2022-10-18T14:53:35 SGT" finished-at="2022-10-18T14:54:02 SGT">
          <exception class="java.lang.AssertionError">
            <message>
              <![CDATA[test_CIMBDeals_scn0001_02 : Intentionally failed assertion to check snapshot captured in report expected [false] but found [true]]]>
            </message>
            <full-stacktrace>
              <![CDATA[java.lang.AssertionError: test_CIMBDeals_scn0001_02 : Intentionally failed assertion to check snapshot captured in report expected [false] but found [true]
at org.testng.Assert.fail(Assert.java:97)
at org.testng.Assert.assertEqualsImpl(Assert.java:136)
at org.testng.Assert.assertEquals(Assert.java:118)
at org.testng.Assert.assertEquals(Assert.java:751)
at testCases.TestCase_Scenario_0001_02.test_CIMBDeals_scn0001_02(TestCase_Scenario_0001_02.java:33)
at sun.reflect.NativeMethodAccessorImpl.invoke0(Native Method)
at sun.reflect.NativeMethodAccessorImpl.invoke(NativeMethodAccessorImpl.java:62)
at sun.reflect.DelegatingMethodAccessorImpl.invoke(DelegatingMethodAccessorImpl.java:43)
at java.lang.reflect.Method.invoke(Method.java:498)
at org.testng.internal.MethodInvocationHelper.invokeMethod(MethodInvocationHelper.java:134)
at org.testng.internal.TestInvoker.invokeMethod(TestInvoker.java:597)
at org.testng.internal.TestInvoker.retryFailed(TestInvoker.java:213)
at org.testng.internal.MethodRunner.runInSequence(MethodRunner.java:58)
at org.testng.internal.TestInvoker$MethodInvocationAgent.invoke(TestInvoker.java:816)
at org.testng.internal.TestInvoker.invokeTestMethods(TestInvoker.java:146)
at org.testng.internal.TestMethodWorker.invokeTestMethods(TestMethodWorker.java:146)
at org.testng.internal.TestMethodWorker.run(TestMethodWorker.java:128)
at java.util.concurrent.ThreadPoolExecutor.runWorker(ThreadPoolExecutor.java:1149)
at java.util.concurrent.ThreadPoolExecutor$Worker.run(ThreadPoolExecutor.java:624)
at java.lang.Thread.run(Thread.java:748)
]]>
            </full-stacktrace>
          </exception> <!-- java.lang.AssertionError -->
          <reporter-output>
          </reporter-output>
        </test-method> <!-- test_CIMBDeals_scn0001_02 -->
        <test-method status="PASS" signature="tear_down()[pri:0, instance:testCases.TestCase_Scenario_0001_02@184f6be2]" name="tear_down" is-config="true" duration-ms="3618" started-at="2022-10-18T14:54:06 SGT" finished-at="2022-10-18T14:54:10 SGT">
          <reporter-output>
          </reporter-output>
        </test-method> <!-- tear_down -->
      </class> <!-- testCases.TestCase_Scenario_0001_02 -->
    </test> <!-- Test -->
  </suite> <!-- Suite -->
</testng-results>
