-------------------------------------------------------------------------------
Test set: TestSuite
-------------------------------------------------------------------------------
Tests run: 3, Failures: 1, Errors: 0, Skipped: 1, Time elapsed: 150.982 s <<< FAILURE! - in TestSuite
test_CIMBDeals_scn0001_02(testCases.TestCase_Scenario_0001_02)  Time elapsed: 23.629 s  <<< FAILURE!
java.lang.AssertionError: test_CIMBDeals_scn0001_02 : Intentionally failed assertion to check snapshot captured in report expected [false] but found [true]
	at testCases.TestCase_Scenario_0001_02.test_CIMBDeals_scn0001_02(TestCase_Scenario_0001_02.java:41)

